android/app/build/outputs/logs/manifest-merger-debug-report.txt
-- Merging decision tree log ---
manifest
ADDED from src/main/AndroidManifest.xml:1:1-80:12
INJECTED from src/main/AndroidManifest.xml:1:1-80:12
INJECTED from src/main/AndroidManifest.xml:1:1-80:12
INJECTED from src/main/AndroidManifest.xml:1:1-80:12
MERGED from [:react-native-webview] AndroidManifest.xml:2:1-23:12
MERGED from [:react-native-photo-view] AndroidManifest.xml:2:1-13:12
MERGED from [:react-native-share] AndroidManifest.xml:2:1-28:12
MERGED from [:react-native-linear-gradient] AndroidManifest.xml:2:1-11:12
MERGED from [:react-native-vector-icons] AndroidManifest.xml:2:1-11:12
MERGED from [:react-native-gesture-handler] AndroidManifest.xml:2:1-11:12
MERGED from [:react-native-push-notification] AndroidManifest.xml:2:1-11:12
MERGED from [:react-native-screens] AndroidManifest.xml:2:1-11:12
MERGED from [:react-native-reanimated] AndroidManifest.xml:2:1-11:12
MERGED from [:react-native-geolocation-service] AndroidManifest.xml:2:1-14:12
MERGED from [com.google.android.gms:play-services-location:16.0.0] AndroidManifest.xml:2:1-9:12
MERGED from [com.facebook.react:react-native:0.59.8] AndroidManifest.xml:2:1-13:12
MERGED from [androidx.appcompat:appcompat:1.0.0] AndroidManifest.xml:17:1-22:12
MERGED from [com.facebook.fresco:fresco:1.10.0] AndroidManifest.xml:2:1-9:12
MERGED from [me.relex:photodraweeview:1.0.0] AndroidManifest.xml:2:1-14:12
MERGED from [com.google.android.gms:play-services-gcm:16.0.0] AndroidManifest.xml:17:1-28:12
MERGED from [me.leolin:ShortcutBadger:1.1.8] AndroidManifest.xml:2:1-41:12
MERGED from [com.google.firebase:firebase-messaging:20.0.0] AndroidManifest.xml:17:1-37:12
MERGED from [androidx.transition:transition:1.1.0] AndroidManifest.xml:17:1-22:12
MERGED from [com.google.android.gms:play-services-iid:16.0.0] AndroidManifest.xml:17:1-28:12
MERGED from [com.google.firebase:firebase-iid:20.0.0] AndroidManifest.xml:17:1-47:12
MERGED from [com.google.firebase:firebase-iid-interop:17.0.0] AndroidManifest.xml:2:1-10:12
MERGED from [com.google.android.gms:play-services-base:17.0.0] AndroidManifest.xml:17:1-29:12
MERGED from [com.google.android.gms:play-services-places-placereport:16.0.0] AndroidManifest.xml:17:1-24:12
MERGED from [com.google.firebase:firebase-common:19.0.0] AndroidManifest.xml:2:1-19:12
MERGED from [com.google.android.gms:play-services-tasks:17.0.0] AndroidManifest.xml:2:1-9:12
MERGED from [com.google.firebase:firebase-measurement-connector:18.0.0] AndroidManifest.xml:17:1-25:12
MERGED from [com.google.android.gms:play-services-stats:17.0.0] AndroidManifest.xml:2:1-9:12
MERGED from [com.google.android.gms:play-services-basement:17.0.0] AndroidManifest.xml:17:1-28:12
MERGED from [androidx.fragment:fragment:1.0.0] AndroidManifest.xml:17:1-22:12
MERGED from [androidx.vectordrawable:vectordrawable-animated:1.0.0] AndroidManifest.xml:17:1-22:12
MERGED from [androidx.legacy:legacy-support-core-ui:1.0.0] AndroidManifest.xml:17:1-22:12
MERGED from [androidx.legacy:legacy-support-core-utils:1.0.0] AndroidManifest.xml:17:1-22:12
MERGED from [androidx.vectordrawable:vectordrawable:1.0.0] AndroidManifest.xml:17:1-22:12
MERGED from [androidx.loader:loader:1.0.0] AndroidManifest.xml:17:1-22:12
MERGED from [androidx.viewpager:viewpager:1.0.0] AndroidManifest.xml:17:1-22:12
MERGED from [androidx.coordinatorlayout:coordinatorlayout:1.0.0] AndroidManifest.xml:17:1-22:12
MERGED from [androidx.drawerlayout:drawerlayout:1.0.0] AndroidManifest.xml:17:1-22:12
MERGED from [androidx.slidingpanelayout:slidingpanelayout:1.0.0] AndroidManifest.xml:17:1-22:12
MERGED from [androidx.customview:customview:1.0.0] AndroidManifest.xml:17:1-22:12
MERGED from [androidx.swiperefreshlayout:swiperefreshlayout:1.0.0] AndroidManifest.xml:17:1-22:12
MERGED from [androidx.asynclayoutinflater:asynclayoutinflater:1.0.0] AndroidManifest.xml:17:1-22:12
MERGED from [androidx.core:core:1.0.1] AndroidManifest.xml:17:1-24:12
MERGED from [androidx.versionedparcelable:versionedparcelable:1.0.0] AndroidManifest.xml:17:1-25:12
MERGED from [androidx.cursoradapter:cursoradapter:1.0.0] AndroidManifest.xml:17:1-22:12
MERGED from [androidx.documentfile:documentfile:1.0.0] AndroidManifest.xml:17:1-22:12
MERGED from [androidx.localbroadcastmanager:localbroadcastmanager:1.0.0] AndroidManifest.xml:17:1-22:12
MERGED from [androidx.print:print:1.0.0] AndroidManifest.xml:17:1-22:12
MERGED from [androidx.lifecycle:lifecycle-viewmodel:2.0.0] AndroidManifest.xml:17:1-22:12
MERGED from [androidx.lifecycle:lifecycle-runtime:2.0.0] AndroidManifest.xml:17:1-22:12
MERGED from [androidx.interpolator:interpolator:1.0.0] AndroidManifest.xml:17:1-22:12
MERGED from [androidx.lifecycle:lifecycle-livedata:2.0.0] AndroidManifest.xml:17:1-22:12
MERGED from [androidx.lifecycle:lifecycle-livedata-core:2.0.0] AndroidManifest.xml:17:1-22:12
MERGED from [androidx.arch.core:core-runtime:2.0.0] AndroidManifest.xml:17:1-22:12
MERGED from [com.facebook.fresco:imagepipeline-okhttp3:1.10.0] AndroidManifest.xml:2:1-9:12
MERGED from [com.facebook.fresco:drawee:1.10.0] AndroidManifest.xml:2:1-9:12
MERGED from [com.facebook.fresco:imagepipeline:1.10.0] AndroidManifest.xml:2:1-9:12
MERGED from [com.facebook.fresco:imagepipeline-base:1.10.0] AndroidManifest.xml:2:1-9:12
MERGED from [com.facebook.soloader:soloader:0.6.0] AndroidManifest.xml:2:1-13:12
MERGED from [com.facebook.fresco:fbcore:1.10.0] AndroidManifest.xml:2:1-9:12
INJECTED from src/main/AndroidManifest.xml:1:1-80:12
INJECTED from src/main/AndroidManifest.xml:1:1-80:12
INJECTED from src/main/AndroidManifest.xml:1:1-80:12
	package
		ADDED from src/main/AndroidManifest.xml:2:3-24
		INJECTED from src/main/AndroidManifest.xml
		INJECTED from src/main/AndroidManifest.xml
	android:versionName
		INJECTED from src/main/AndroidManifest.xml
		ADDED from src/main/AndroidManifest.xml:1:1-80:12
		INJECTED from src/main/AndroidManifest.xml
	android:versionCode
		INJECTED from src/main/AndroidManifest.xml
		ADDED from src/main/AndroidManifest.xml:1:1-80:12
		INJECTED from src/main/AndroidManifest.xml
	xmlns:android
		ADDED from src/main/AndroidManifest.xml:1:11-69
uses-permission#android.permission.INTERNET
ADDED from src/main/AndroidManifest.xml:4:5-67
MERGED from [:react-native-geolocation-service] AndroidManifest.xml:9:5-67
MERGED from [:react-native-geolocation-service] AndroidManifest.xml:9:5-67
MERGED from [com.google.android.gms:play-services-gcm:16.0.0] AndroidManifest.xml:24:5-67
MERGED from [com.google.android.gms:play-services-gcm:16.0.0] AndroidManifest.xml:24:5-67
MERGED from [com.google.android.gms:play-services-iid:16.0.0] AndroidManifest.xml:24:5-67
MERGED from [com.google.android.gms:play-services-iid:16.0.0] AndroidManifest.xml:24:5-67
MERGED from [com.google.firebase:firebase-iid:20.0.0] AndroidManifest.xml:23:5-67
MERGED from [com.google.firebase:firebase-iid:20.0.0] AndroidManifest.xml:23:5-67
	android:name
		ADDED from src/main/AndroidManifest.xml:4:22-64
uses-permission#android.permission.WAKE_LOCK
ADDED from src/main/AndroidManifest.xml:5:5-68
MERGED from [com.google.firebase:firebase-iid:20.0.0] AndroidManifest.xml:24:5-68
MERGED from [com.google.firebase:firebase-iid:20.0.0] AndroidManifest.xml:24:5-68
	android:name
		ADDED from src/main/AndroidManifest.xml:5:22-65
permission#com.lynkaid.permission.C2D_MESSAGE
ADDED from src/main/AndroidManifest.xml:6:5-8:47
	android:protectionLevel
		ADDED from src/main/AndroidManifest.xml:8:9-44
	android:name
		ADDED from src/main/AndroidManifest.xml:7:9-58
uses-permission#com.lynkaid.permission.C2D_MESSAGE
ADDED from src/main/AndroidManifest.xml:9:5-74
	android:name
		ADDED from src/main/AndroidManifest.xml:9:22-71
uses-permission#android.permission.VIBRATE
ADDED from src/main/AndroidManifest.xml:10:5-66
	android:name
		ADDED from src/main/AndroidManifest.xml:10:22-63
uses-permission#android.permission.RECEIVE_BOOT_COMPLETED
ADDED from src/main/AndroidManifest.xml:11:5-80
	android:name
		ADDED from src/main/AndroidManifest.xml:11:22-78
application
ADDED from src/main/AndroidManifest.xml:13:5-78:19
MERGED from [:react-native-webview] AndroidManifest.xml:11:5-21:19
MERGED from [:react-native-webview] AndroidManifest.xml:11:5-21:19
MERGED from [:react-native-photo-view] AndroidManifest.xml:10:5-11:19
MERGED from [:react-native-photo-view] AndroidManifest.xml:10:5-11:19
MERGED from [:react-native-share] AndroidManifest.xml:14:5-26:19
MERGED from [:react-native-share] AndroidManifest.xml:14:5-26:19
MERGED from [com.google.android.gms:play-services-location:16.0.0] AndroidManifest.xml:7:5-20
MERGED from [com.google.android.gms:play-services-location:16.0.0] AndroidManifest.xml:7:5-20
MERGED from [com.facebook.react:react-native:0.59.8] AndroidManifest.xml:11:5-20
MERGED from [com.facebook.react:react-native:0.59.8] AndroidManifest.xml:11:5-20
MERGED from [me.relex:photodraweeview:1.0.0] AndroidManifest.xml:9:5-12:19
MERGED from [me.relex:photodraweeview:1.0.0] AndroidManifest.xml:9:5-12:19
MERGED from [com.google.android.gms:play-services-gcm:16.0.0] AndroidManifest.xml:26:5-20
MERGED from [com.google.android.gms:play-services-gcm:16.0.0] AndroidManifest.xml:26:5-20
MERGED from [com.google.firebase:firebase-messaging:20.0.0] AndroidManifest.xml:22:5-35:19
MERGED from [com.google.firebase:firebase-messaging:20.0.0] AndroidManifest.xml:22:5-35:19
MERGED from [com.google.android.gms:play-services-iid:16.0.0] AndroidManifest.xml:26:5-20
MERGED from [com.google.android.gms:play-services-iid:16.0.0] AndroidManifest.xml:26:5-20
MERGED from [com.google.firebase:firebase-iid:20.0.0] AndroidManifest.xml:28:5-45:19
MERGED from [com.google.firebase:firebase-iid:20.0.0] AndroidManifest.xml:28:5-45:19
MERGED from [com.google.firebase:firebase-iid-interop:17.0.0] AndroidManifest.xml:7:5-8:19
MERGED from [com.google.firebase:firebase-iid-interop:17.0.0] AndroidManifest.xml:7:5-8:19
MERGED from [com.google.android.gms:play-services-base:17.0.0] AndroidManifest.xml:22:5-27:19
MERGED from [com.google.android.gms:play-services-base:17.0.0] AndroidManifest.xml:22:5-27:19
MERGED from [com.google.android.gms:play-services-places-placereport:16.0.0] AndroidManifest.xml:22:5-20
MERGED from [com.google.android.gms:play-services-places-placereport:16.0.0] AndroidManifest.xml:22:5-20
MERGED from [com.google.firebase:firebase-common:19.0.0] AndroidManifest.xml:11:5-17:19
MERGED from [com.google.firebase:firebase-common:19.0.0] AndroidManifest.xml:11:5-17:19
MERGED from [com.google.android.gms:play-services-tasks:17.0.0] AndroidManifest.xml:7:5-20
MERGED from [com.google.android.gms:play-services-tasks:17.0.0] AndroidManifest.xml:7:5-20
MERGED from [com.google.firebase:firebase-measurement-connector:18.0.0] AndroidManifest.xml:22:5-23:19
MERGED from [com.google.firebase:firebase-measurement-connector:18.0.0] AndroidManifest.xml:22:5-23:19
MERGED from [com.google.android.gms:play-services-stats:17.0.0] AndroidManifest.xml:7:5-20
MERGED from [com.google.android.gms:play-services-stats:17.0.0] AndroidManifest.xml:7:5-20
MERGED from [com.google.android.gms:play-services-basement:17.0.0] AndroidManifest.xml:22:5-26:19
MERGED from [com.google.android.gms:play-services-basement:17.0.0] AndroidManifest.xml:22:5-26:19
MERGED from [androidx.core:core:1.0.1] AndroidManifest.xml:22:5-89
MERGED from [androidx.core:core:1.0.1] AndroidManifest.xml:22:5-89
MERGED from [androidx.versionedparcelable:versionedparcelable:1.0.0] AndroidManifest.xml:22:5-23:19
MERGED from [androidx.versionedparcelable:versionedparcelable:1.0.0] AndroidManifest.xml:22:5-23:19
MERGED from [com.facebook.soloader:soloader:0.6.0] AndroidManifest.xml:11:5-20
MERGED from [com.facebook.soloader:soloader:0.6.0] AndroidManifest.xml:11:5-20
	android:appComponentFactory
		ADDED from [androidx.core:core:1.0.1] AndroidManifest.xml:22:18-86
	android:label
		ADDED from src/main/AndroidManifest.xml:15:7-39
	android:roundIcon
		ADDED from src/main/AndroidManifest.xml:17:7-52
	android:icon
		ADDED from src/main/AndroidManifest.xml:16:7-41
	android:allowBackup
		ADDED from src/main/AndroidManifest.xml:18:7-33
	android:theme
		ADDED from src/main/AndroidManifest.xml:20:7-38
	android:usesCleartextTraffic
		ADDED from src/main/AndroidManifest.xml:19:7-42
	android:name
		ADDED from src/main/AndroidManifest.xml:14:7-38
activity#com.lynkaid.MainActivity
ADDED from src/main/AndroidManifest.xml:21:7-30:18
	android:label
		ADDED from src/main/AndroidManifest.xml:23:9-41
	android:windowSoftInputMode
		ADDED from src/main/AndroidManifest.xml:25:9-51
	android:configChanges
		ADDED from src/main/AndroidManifest.xml:24:9-79
	android:name
		ADDED from src/main/AndroidManifest.xml:22:9-37
intent-filter#action:name:android.intent.action.MAIN+category:name:android.intent.category.LAUNCHER
ADDED from src/main/AndroidManifest.xml:26:9-29:25
action#android.intent.action.MAIN
ADDED from src/main/AndroidManifest.xml:27:13-65
	android:name
		ADDED from src/main/AndroidManifest.xml:27:21-62
category#android.intent.category.LAUNCHER
ADDED from src/main/AndroidManifest.xml:28:13-73
	android:name
		ADDED from src/main/AndroidManifest.xml:28:23-70
activity#com.facebook.react.devsupport.DevSettingsActivity
ADDED from src/main/AndroidManifest.xml:31:7-84
	android:name
		ADDED from src/main/AndroidManifest.xml:31:17-81
meta-data#com.dieam.reactnativepushnotification.notification_channel_name
ADDED from src/main/AndroidManifest.xml:32:7-33:65
	android:value
		ADDED from src/main/AndroidManifest.xml:33:17-63
	android:name
		ADDED from src/main/AndroidManifest.xml:32:19-97
meta-data#com.dieam.reactnativepushnotification.notification_channel_description
ADDED from src/main/AndroidManifest.xml:34:9-35:76
	android:value
		ADDED from src/main/AndroidManifest.xml:35:21-74
	android:name
		ADDED from src/main/AndroidManifest.xml:34:21-106
meta-data#com.dieam.reactnativepushnotification.notification_color
ADDED from src/main/AndroidManifest.xml:37:9-38:62
	android:resource
		ADDED from src/main/AndroidManifest.xml:38:21-60
	android:name
		ADDED from src/main/AndroidManifest.xml:37:21-92
receiver#com.google.android.gms.gcm.GcmReceiver
ADDED from src/main/AndroidManifest.xml:41:9-49:20
	android:exported
		ADDED from src/main/AndroidManifest.xml:43:13-36
	android:permission
		ADDED from src/main/AndroidManifest.xml:44:13-73
	android:name
		ADDED from src/main/AndroidManifest.xml:42:13-66
intent-filter#action:name:com.google.android.c2dm.intent.RECEIVE+category:name:com.lynkaid
ADDED from src/main/AndroidManifest.xml:45:13-48:29
action#com.google.android.c2dm.intent.RECEIVE
ADDED from src/main/AndroidManifest.xml:46:17-81
	android:name
		ADDED from src/main/AndroidManifest.xml:46:25-78
category#com.lynkaid
ADDED from src/main/AndroidManifest.xml:47:17-56
	android:name
		ADDED from src/main/AndroidManifest.xml:47:27-53
receiver#com.dieam.reactnativepushnotification.modules.RNPushNotificationPublisher
ADDED from src/main/AndroidManifest.xml:52:9-110
	android:name
		ADDED from src/main/AndroidManifest.xml:52:19-107
receiver#com.dieam.reactnativepushnotification.modules.RNPushNotificationBootEventReceiver
ADDED from src/main/AndroidManifest.xml:53:9-57:20
	android:name
		ADDED from src/main/AndroidManifest.xml:53:19-115
intent-filter#action:name:android.intent.action.BOOT_COMPLETED
ADDED from src/main/AndroidManifest.xml:54:13-56:29
action#android.intent.action.BOOT_COMPLETED
ADDED from src/main/AndroidManifest.xml:55:17-79
	android:name
		ADDED from src/main/AndroidManifest.xml:55:25-76
service#com.dieam.reactnativepushnotification.modules.RNPushNotificationRegistrationService
ADDED from src/main/AndroidManifest.xml:58:9-118
	android:name
		ADDED from src/main/AndroidManifest.xml:58:18-116
service#com.dieam.reactnativepushnotification.modules.RNPushNotificationListenerServiceGcm
ADDED from src/main/AndroidManifest.xml:61:9-67:19
	android:exported
		ADDED from src/main/AndroidManifest.xml:63:13-37
	android:name
		ADDED from src/main/AndroidManifest.xml:62:13-110
intent-filter#action:name:com.google.android.c2dm.intent.RECEIVE
ADDED from src/main/AndroidManifest.xml:64:13-66:29
service#com.dieam.reactnativepushnotification.modules.RNPushNotificationListenerService
ADDED from src/main/AndroidManifest.xml:71:9-77:19
	android:exported
		ADDED from src/main/AndroidManifest.xml:73:13-37
	android:name
		ADDED from src/main/AndroidManifest.xml:72:13-107
intent-filter#action:name:com.google.firebase.MESSAGING_EVENT
ADDED from src/main/AndroidManifest.xml:74:13-76:29
action#com.google.firebase.MESSAGING_EVENT
ADDED from src/main/AndroidManifest.xml:75:17-78
	android:name
		ADDED from src/main/AndroidManifest.xml:75:25-75
uses-sdk
INJECTED from src/main/AndroidManifest.xml reason: use-sdk injection requested
INJECTED from src/main/AndroidManifest.xml
INJECTED from src/main/AndroidManifest.xml
MERGED from [:react-native-webview] AndroidManifest.xml:7:5-9:41
MERGED from [:react-native-webview] AndroidManifest.xml:7:5-9:41
MERGED from [:react-native-photo-view] AndroidManifest.xml:6:5-8:41
MERGED from [:react-native-photo-view] AndroidManifest.xml:6:5-8:41
MERGED from [:react-native-share] AndroidManifest.xml:8:5-10:41
MERGED from [:react-native-share] AndroidManifest.xml:8:5-10:41
MERGED from [:react-native-linear-gradient] AndroidManifest.xml:7:5-9:41
MERGED from [:react-native-linear-gradient] AndroidManifest.xml:7:5-9:41
MERGED from [:react-native-vector-icons] AndroidManifest.xml:7:5-9:41
MERGED from [:react-native-vector-icons] AndroidManifest.xml:7:5-9:41
MERGED from [:react-native-gesture-handler] AndroidManifest.xml:7:5-9:41
MERGED from [:react-native-gesture-handler] AndroidManifest.xml:7:5-9:41
MERGED from [:react-native-push-notification] AndroidManifest.xml:7:5-9:41
MERGED from [:react-native-push-notification] AndroidManifest.xml:7:5-9:41
MERGED from [:react-native-screens] AndroidManifest.xml:7:5-9:41
MERGED from [:react-native-screens] AndroidManifest.xml:7:5-9:41
MERGED from [:react-native-reanimated] AndroidManifest.xml:7:5-9:41
MERGED from [:react-native-reanimated] AndroidManifest.xml:7:5-9:41
MERGED from [:react-native-geolocation-service] AndroidManifest.xml:5:5-7:41
MERGED from [:react-native-geolocation-service] AndroidManifest.xml:5:5-7:41
MERGED from [com.google.android.gms:play-services-location:16.0.0] AndroidManifest.xml:5:5-44
MERGED from [com.google.android.gms:play-services-location:16.0.0] AndroidManifest.xml:5:5-44
MERGED from [com.facebook.react:react-native:0.59.8] AndroidManifest.xml:7:5-9:41
MERGED from [com.facebook.react:react-native:0.59.8] AndroidManifest.xml:7:5-9:41
MERGED from [androidx.appcompat:appcompat:1.0.0] AndroidManifest.xml:20:5-44
MERGED from [androidx.appcompat:appcompat:1.0.0] AndroidManifest.xml:20:5-44
MERGED from [com.facebook.fresco:fresco:1.10.0] AndroidManifest.xml:5:5-7:41
MERGED from [com.facebook.fresco:fresco:1.10.0] AndroidManifest.xml:5:5-7:41
MERGED from [me.relex:photodraweeview:1.0.0] AndroidManifest.xml:7:5-44
MERGED from [me.relex:photodraweeview:1.0.0] AndroidManifest.xml:7:5-44
MERGED from [com.google.android.gms:play-services-gcm:16.0.0] AndroidManifest.xml:20:5-44
MERGED from [com.google.android.gms:play-services-gcm:16.0.0] AndroidManifest.xml:20:5-44
MERGED from [me.leolin:ShortcutBadger:1.1.8] AndroidManifest.xml:7:5-9:41
MERGED from [me.leolin:ShortcutBadger:1.1.8] AndroidManifest.xml:7:5-9:41
MERGED from [com.google.firebase:firebase-messaging:20.0.0] AndroidManifest.xml:20:5-44
MERGED from [com.google.firebase:firebase-messaging:20.0.0] AndroidManifest.xml:20:5-44
MERGED from [androidx.transition:transition:1.1.0] AndroidManifest.xml:20:5-44
MERGED from [androidx.transition:transition:1.1.0] AndroidManifest.xml:20:5-44
MERGED from [com.google.android.gms:play-services-iid:16.0.0] AndroidManifest.xml:20:5-44
MERGED from [com.google.android.gms:play-services-iid:16.0.0] AndroidManifest.xml:20:5-44
MERGED from [com.google.firebase:firebase-iid:20.0.0] AndroidManifest.xml:20:5-44
MERGED from [com.google.firebase:firebase-iid:20.0.0] AndroidManifest.xml:20:5-44
MERGED from [com.google.firebase:firebase-iid-interop:17.0.0] AndroidManifest.xml:5:5-44
MERGED from [com.google.firebase:firebase-iid-interop:17.0.0] AndroidManifest.xml:5:5-44
MERGED from [com.google.android.gms:play-services-base:17.0.0] AndroidManifest.xml:20:5-44
MERGED from [com.google.android.gms:play-services-base:17.0.0] AndroidManifest.xml:20:5-44
MERGED from [com.google.android.gms:play-services-places-placereport:16.0.0] AndroidManifest.xml:20:5-44
MERGED from [com.google.android.gms:play-services-places-placereport:16.0.0] AndroidManifest.xml:20:5-44
MERGED from [com.google.firebase:firebase-common:19.0.0] AndroidManifest.xml:6:5-8:41
MERGED from [com.google.firebase:firebase-common:19.0.0] AndroidManifest.xml:6:5-8:41
MERGED from [com.google.android.gms:play-services-tasks:17.0.0] AndroidManifest.xml:5:5-44
MERGED from [com.google.android.gms:play-services-tasks:17.0.0] AndroidManifest.xml:5:5-44
MERGED from [com.google.firebase:firebase-measurement-connector:18.0.0] AndroidManifest.xml:20:5-44
MERGED from [com.google.firebase:firebase-measurement-connector:18.0.0] AndroidManifest.xml:20:5-44
MERGED from [com.google.android.gms:play-services-stats:17.0.0] AndroidManifest.xml:5:5-44
MERGED from [com.google.android.gms:play-services-stats:17.0.0] AndroidManifest.xml:5:5-44
MERGED from [com.google.android.gms:play-services-basement:17.0.0] AndroidManifest.xml:20:5-44
MERGED from [com.google.android.gms:play-services-basement:17.0.0] AndroidManifest.xml:20:5-44
MERGED from [androidx.fragment:fragment:1.0.0] AndroidManifest.xml:20:5-44
MERGED from [androidx.fragment:fragment:1.0.0] AndroidManifest.xml:20:5-44
MERGED from [androidx.vectordrawable:vectordrawable-animated:1.0.0] AndroidManifest.xml:20:5-44
MERGED from [androidx.vectordrawable:vectordrawable-animated:1.0.0] AndroidManifest.xml:20:5-44
MERGED from [androidx.legacy:legacy-support-core-ui:1.0.0] AndroidManifest.xml:20:5-44
MERGED from [androidx.legacy:legacy-support-core-ui:1.0.0] AndroidManifest.xml:20:5-44
MERGED from [androidx.legacy:legacy-support-core-utils:1.0.0] AndroidManifest.xml:20:5-44
MERGED from [androidx.legacy:legacy-support-core-utils:1.0.0] AndroidManifest.xml:20:5-44
MERGED from [androidx.vectordrawable:vectordrawable:1.0.0] AndroidManifest.xml:20:5-44
MERGED from [androidx.vectordrawable:vectordrawable:1.0.0] AndroidManifest.xml:20:5-44
MERGED from [androidx.loader:loader:1.0.0] AndroidManifest.xml:20:5-44
MERGED from [androidx.loader:loader:1.0.0] AndroidManifest.xml:20:5-44
MERGED from [androidx.viewpager:viewpager:1.0.0] AndroidManifest.xml:20:5-44
MERGED from [androidx.viewpager:viewpager:1.0.0] AndroidManifest.xml:20:5-44
MERGED from [androidx.coordinatorlayout:coordinatorlayout:1.0.0] AndroidManifest.xml:20:5-44
MERGED from [androidx.coordinatorlayout:coordinatorlayout:1.0.0] AndroidManifest.xml:20:5-44
MERGED from [androidx.drawerlayout:drawerlayout:1.0.0] AndroidManifest.xml:20:5-44
MERGED from [androidx.drawerlayout:drawerlayout:1.0.0] AndroidManifest.xml:20:5-44
MERGED from [androidx.slidingpanelayout:slidingpanelayout:1.0.0] AndroidManifest.xml:20:5-44
MERGED from [androidx.slidingpanelayout:slidingpanelayout:1.0.0] AndroidManifest.xml:20:5-44
MERGED from [androidx.customview:customview:1.0.0] AndroidManifest.xml:20:5-44
MERGED from [androidx.customview:customview:1.0.0] AndroidManifest.xml:20:5-44
MERGED from [androidx.swiperefreshlayout:swiperefreshlayout:1.0.0] AndroidManifest.xml:20:5-44
MERGED from [androidx.swiperefreshlayout:swiperefreshlayout:1.0.0] AndroidManifest.xml:20:5-44
MERGED from [androidx.asynclayoutinflater:asynclayoutinflater:1.0.0] AndroidManifest.xml:20:5-44
MERGED from [androidx.asynclayoutinflater:asynclayoutinflater:1.0.0] AndroidManifest.xml:20:5-44
MERGED from [androidx.core:core:1.0.1] AndroidManifest.xml:20:5-44
MERGED from [androidx.core:core:1.0.1] AndroidManifest.xml:20:5-44
MERGED from [androidx.versionedparcelable:versionedparcelable:1.0.0] AndroidManifest.xml:20:5-44
MERGED from [androidx.versionedparcelable:versionedparcelable:1.0.0] AndroidManifest.xml:20:5-44
MERGED from [androidx.cursoradapter:cursoradapter:1.0.0] AndroidManifest.xml:20:5-44
MERGED from [androidx.cursoradapter:cursoradapter:1.0.0] AndroidManifest.xml:20:5-44
MERGED from [androidx.documentfile:documentfile:1.0.0] AndroidManifest.xml:20:5-44
MERGED from [androidx.documentfile:documentfile:1.0.0] AndroidManifest.xml:20:5-44
MERGED from [androidx.localbroadcastmanager:localbroadcastmanager:1.0.0] AndroidManifest.xml:20:5-44
MERGED from [androidx.localbroadcastmanager:localbroadcastmanager:1.0.0] AndroidManifest.xml:20:5-44
MERGED from [androidx.print:print:1.0.0] AndroidManifest.xml:20:5-44
MERGED from [androidx.print:print:1.0.0] AndroidManifest.xml:20:5-44
MERGED from [androidx.lifecycle:lifecycle-viewmodel:2.0.0] AndroidManifest.xml:20:5-44
MERGED from [androidx.lifecycle:lifecycle-viewmodel:2.0.0] AndroidManifest.xml:20:5-44
MERGED from [androidx.lifecycle:lifecycle-runtime:2.0.0] AndroidManifest.xml:20:5-44
MERGED from [androidx.lifecycle:lifecycle-runtime:2.0.0] AndroidManifest.xml:20:5-44
MERGED from [androidx.interpolator:interpolator:1.0.0] AndroidManifest.xml:20:5-44
MERGED from [androidx.interpolator:interpolator:1.0.0] AndroidManifest.xml:20:5-44
MERGED from [androidx.lifecycle:lifecycle-livedata:2.0.0] AndroidManifest.xml:20:5-44
MERGED from [androidx.lifecycle:lifecycle-livedata:2.0.0] AndroidManifest.xml:20:5-44
MERGED from [androidx.lifecycle:lifecycle-livedata-core:2.0.0] AndroidManifest.xml:20:5-44
MERGED from [androidx.lifecycle:lifecycle-livedata-core:2.0.0] AndroidManifest.xml:20:5-44
MERGED from [androidx.arch.core:core-runtime:2.0.0] AndroidManifest.xml:20:5-44
MERGED from [androidx.arch.core:core-runtime:2.0.0] AndroidManifest.xml:20:5-44
MERGED from [com.facebook.fresco:imagepipeline-okhttp3:1.10.0] AndroidManifest.xml:5:5-7:41
MERGED from [com.facebook.fresco:imagepipeline-okhttp3:1.10.0] AndroidManifest.xml:5:5-7:41
MERGED from [com.facebook.fresco:drawee:1.10.0] AndroidManifest.xml:5:5-7:41
MERGED from [com.facebook.fresco:drawee:1.10.0] AndroidManifest.xml:5:5-7:41
MERGED from [com.facebook.fresco:imagepipeline:1.10.0] AndroidManifest.xml:5:5-7:41
MERGED from [com.facebook.fresco:imagepipeline:1.10.0] AndroidManifest.xml:5:5-7:41
MERGED from [com.facebook.fresco:imagepipeline-base:1.10.0] AndroidManifest.xml:5:5-7:41
MERGED from [com.facebook.fresco:imagepipeline-base:1.10.0] AndroidManifest.xml:5:5-7:41
MERGED from [com.facebook.soloader:soloader:0.6.0] AndroidManifest.xml:7:5-9:41
MERGED from [com.facebook.soloader:soloader:0.6.0] AndroidManifest.xml:7:5-9:41
MERGED from [com.facebook.fresco:fbcore:1.10.0] AndroidManifest.xml:5:5-7:41
MERGED from [com.facebook.fresco:fbcore:1.10.0] AndroidManifest.xml:5:5-7:41
INJECTED from src/main/AndroidManifest.xml
INJECTED from src/main/AndroidManifest.xml
	android:targetSdkVersion
		INJECTED from src/main/AndroidManifest.xml
		ADDED from src/main/AndroidManifest.xml
		INJECTED from src/main/AndroidManifest.xml
	android:minSdkVersion
		INJECTED from src/main/AndroidManifest.xml
		ADDED from src/main/AndroidManifest.xml
		INJECTED from src/main/AndroidManifest.xml
provider#com.reactnativecommunity.webview.RNCWebViewFileProvider
ADDED from [:react-native-webview] AndroidManifest.xml:12:9-20:20
	android:grantUriPermissions
		ADDED from [:react-native-webview] AndroidManifest.xml:16:13-47
	android:authorities
		ADDED from [:react-native-webview] AndroidManifest.xml:14:13-64
	android:exported
		ADDED from [:react-native-webview] AndroidManifest.xml:15:13-37
	android:name
		ADDED from [:react-native-webview] AndroidManifest.xml:13:13-83
meta-data#android.support.FILE_PROVIDER_PATHS
ADDED from [:react-native-webview] AndroidManifest.xml:17:13-19:63
	android:resource
		ADDED from [:react-native-webview] AndroidManifest.xml:19:17-60
	android:name
		ADDED from [:react-native-webview] AndroidManifest.xml:18:17-67
uses-permission#android.permission.WRITE_EXTERNAL_STORAGE
ADDED from [:react-native-share] AndroidManifest.xml:12:5-81
	android:name
		ADDED from [:react-native-share] AndroidManifest.xml:12:22-78
provider#cl.json.RNShareFileProvider
ADDED from [:react-native-share] AndroidManifest.xml:15:9-25:20
	android:grantUriPermissions
		ADDED from [:react-native-share] AndroidManifest.xml:19:13-47
	android:authorities
		ADDED from [:react-native-share] AndroidManifest.xml:17:13-72
	android:exported
		ADDED from [:react-native-share] AndroidManifest.xml:18:13-37
	tools:replace
		ADDED from [:react-native-share] AndroidManifest.xml:20:13-48
	android:name
		ADDED from [:react-native-share] AndroidManifest.xml:16:13-55
uses-permission#android.permission.ACCESS_NETWORK_STATE
ADDED from [:react-native-geolocation-service] AndroidManifest.xml:10:5-79
MERGED from [com.google.firebase:firebase-iid:20.0.0] AndroidManifest.xml:22:5-79
MERGED from [com.google.firebase:firebase-iid:20.0.0] AndroidManifest.xml:22:5-79
	android:name
		ADDED from [:react-native-geolocation-service] AndroidManifest.xml:10:22-76
uses-permission#android.permission.ACCESS_COARSE_LOCATION
ADDED from [:react-native-geolocation-service] AndroidManifest.xml:11:5-81
	android:name
		ADDED from [:react-native-geolocation-service] AndroidManifest.xml:11:22-78
uses-permission#android.permission.ACCESS_FINE_LOCATION
ADDED from [:react-native-geolocation-service] AndroidManifest.xml:12:5-79
	android:name
		ADDED from [:react-native-geolocation-service] AndroidManifest.xml:12:22-76
uses-permission#com.google.android.c2dm.permission.RECEIVE
ADDED from [com.google.android.gms:play-services-gcm:16.0.0] AndroidManifest.xml:23:5-82
MERGED from [com.google.android.gms:play-services-iid:16.0.0] AndroidManifest.xml:23:5-82
MERGED from [com.google.android.gms:play-services-iid:16.0.0] AndroidManifest.xml:23:5-82
MERGED from [com.google.firebase:firebase-iid:20.0.0] AndroidManifest.xml:26:5-82
MERGED from [com.google.firebase:firebase-iid:20.0.0] AndroidManifest.xml:26:5-82
	android:name
		ADDED from [com.google.android.gms:play-services-gcm:16.0.0] AndroidManifest.xml:23:22-79